<?xml version="1.0" encoding="UTF-8"?>
<robot generator="Robot 6.1.1 (Python 3.12.1 on win32)" generated="20240508 15:58:32.634" rpa="false" schemaversion="4">
<suite id="s1" name="Testcase" source="E:\Project\Robot_Framework_API\petstore\testcases\testcase.robot">
<test id="s1-t1" name="1. 200" line="6">
<kw name="Post Upload an Image" library="pet">
<arg>1</arg>
<arg>test200</arg>
<arg>200</arg>
<kw name="Set Variable" library="BuiltIn">
<var>${URL}</var>
<arg>${api}${petId}${uploadImage}</arg>
<doc>Returns the given values which can then be assigned to a variables.</doc>
<msg timestamp="20240508 15:58:32.904" level="INFO">${URL} = https://petstore.swagger.io/v2/pet/1/uploadImage</msg>
<status status="PASS" starttime="20240508 15:58:32.903" endtime="20240508 15:58:32.904"/>
</kw>
<kw name="Create Session" library="RequestsLibrary">
<arg>mysession</arg>
<arg>${URL}</arg>
<doc>Create Session: create a HTTP session to a server</doc>
<msg timestamp="20240508 15:58:32.904" level="INFO">Creating Session using : alias=mysession, url=https://petstore.swagger.io/v2/pet/1/uploadImage, headers={},                     cookies={}, auth=None, timeout=None, proxies=None, verify=False,                     debug=0 </msg>
<status status="PASS" starttime="20240508 15:58:32.904" endtime="20240508 15:58:32.904"/>
</kw>
<kw name="Create Dictionary" library="BuiltIn">
<var>${Header}</var>
<arg>accept=application/json</arg>
<doc>Creates and returns a dictionary based on the given ``items``.</doc>
<msg timestamp="20240508 15:58:32.904" level="INFO">${Header} = {'accept': 'application/json'}</msg>
<status status="PASS" starttime="20240508 15:58:32.904" endtime="20240508 15:58:32.904"/>
</kw>
<kw name="Get File For Streaming Upload" library="RequestsLibrary">
<var>${image}</var>
<arg>../testdata/pet_image_test.png</arg>
<doc>Opens and returns a file descriptor of a specified file to be passed as ``data`` parameter
to other requests keywords.</doc>
<msg timestamp="20240508 15:58:32.905" level="INFO">${image} = &lt;_io.BufferedReader name='../testdata/pet_image_test.png'&gt;</msg>
<status status="PASS" starttime="20240508 15:58:32.905" endtime="20240508 15:58:32.905"/>
</kw>
<kw name="Create Dictionary" library="BuiltIn">
<var>${from-data}</var>
<arg>additionalMetadata=${text}</arg>
<arg>file=${image}</arg>
<doc>Creates and returns a dictionary based on the given ``items``.</doc>
<msg timestamp="20240508 15:58:32.906" level="INFO">${from-data} = {'additionalMetadata': 'test200', 'file': &lt;_io.BufferedReader name='../testdata/pet_image_test.png'&gt;}</msg>
<status status="PASS" starttime="20240508 15:58:32.905" endtime="20240508 15:58:32.906"/>
</kw>
<if>
<branch type="IF" condition="'${200/415}' == '200'">
<kw name="POST On Session" library="RequestsLibrary">
<var>${response}</var>
<arg>mysession</arg>
<arg>${URL}</arg>
<arg>headers=${Header}</arg>
<arg>files=${from-data}</arg>
<arg>expected_status=ok</arg>
<doc>Sends a POST request on a previously created HTTP Session.</doc>
<msg timestamp="20240508 15:58:43.910" level="INFO">POST Request : url=https://petstore.swagger.io/v2/pet/1/uploadImage 
 path_url=/v2/pet/1/uploadImage 
 headers={'User-Agent': 'python-requests/2.31.0', 'Accept-Encoding': 'gzip, deflate', 'accept': 'application/json', 'Connection': 'keep-alive', 'Content-Length': '1811742', 'Content-Type': 'multipart/form-data; boundary=efb28d6be5627f1f877c5a4dff5709a4'} 
 body=b'--efb28d6be5627f1f877c5a4dff5709a4\r\nContent-Disposition: form-data; name="additionalMetadata"; filename="additionalMetadata"\r\n\r\ntest200\r\n--efb28d6be5627f1f877c5a4dff5709a4\r\nContent-Disposition: form-data; name="file"; filename="pet_image_test.png"\r\n\r\n\x89PNG\r\n\x1a\n\x00\x00\x00\rIHDR\x00\x00\x04\xc4\x00\x00\x03\x91\x08\x02\x00\x00\x00\x92\xb6\xe9g\x00\x00\x00\x01sRGB\x00\xae\xce\x1c\xe9\x00\x00\x00\x04gAMA\x00\x00\xb1\x8f\x0b\xfca\x05\x00\x00\x00\tpHYs\x00\x00\x0e\xc3\x00\x00\x0e\xc3\x01\xc7o\xa8d\x00\x00\x00\x12tEXtSoftware\x00Greenshot^U\x08\x05\x00\x00\xff\x87IDATx^\xe4\xfd\x87\x97\x1d\xd7u\xb6\x0f\xfa\x0f\x9e53\xbf\xf9\x82\xed\xcf\xb6lYYT\x0e\x96\x95)J\xa2\x18\xc4 &amp;1g\x12`\x00@0\x93\x88\x04\x13\x88\x9c\x01\x92\x9e\xb5\xe69\xe79\xf5\xf6\xbeuo7\x1a`\x83\x16\x7f\xf3\xac\xeb\xf2\xde\xef~\xf7&gt;\xa7\xaa\xee\xbd\xddE\x90\xd0\xdf\x9d?\x7f\xfe\xdc*\xd0/\\\xb8\xb0\\E\x99q\xb6CI?\xf1\x993gN\x9f&gt;\xcdQQ}\x99&gt;\xaf1\xf2\xce\x90&amp;q$%e\xac\xcb\x89zX\xa9\xb8\xa5\xdaE,#\xef\n\xc7\xf8\x93\xaa$\x06\xe2\x18\x0c\xa0[\x16\x88n\x00\x89\x19\xc251\xe5\xe8Lv\x08}\x85\xf3\xee\xd6\xb8N\x00KPu\xe2\xa4\xc6a6\xc4\x14\xe2T7\xde\x80\xd1\xd6\xa9\xca\xec\xfe\xd6\x128\\\xd09\xf6\xb3\\C\xbdBWf\x9a\x1a\xd8\x1b?\x81\xb1\x86\xe80\xd3\xd3\xa5"\xa6Y\x05C\xf5D\x8f"\xa4:G&gt;m5\xce\x04[\x8b\xab\x80\xf3g\xa0_\xec\x10\x8c\x86\x0e\xa5\xec\xb6w\x8f\xea,N f\xe7\xcf3\xed\xd2\xc5\x0b\x978^8\x7f\xf1\xfc\xb9\x8b\xac\xd3\x96\xea:\xd5sg[\x9a&gt;\xd6\xea\x8d\x8d\xbe\xa9\x15\x8c\xf2g`\x0cZ\x87a\xda:&lt;\xb5\x1a//\xa4&gt;\x92\x02\xa27\xc5\xf8\xd2\xa5K\xc6\xdc\x0e&amp;\x10\xa3\xa0\x13\xe7\x06q\xec\xe3\xc7w\xa61\xa0\x07Ka\xa8\x8b\xcb\xd9\x82\xe2\xa2\xb1\xc5\x03\xc4bJ\x95.w\xb2\x92\xbe\x91\x81\xa7\x80h;G\x94\xfei\x1e\xdfZ}\xf0\xc25\xb1\x11\x88S\xaa\x8a\xa8\xcb\x90\x16\xc5\x80\xee\xce\xab\xc1\x810\xf2\x89&gt;\xa6\xd9(\xb1\xc3\xa03\xa5\xe5\xb4\xf75\xd4!\x8b\xc6\xe0}\xc4\x00\xb3j@\x89G\x109\xc6\x0f\x06V\r\xba\xbc\xa6\x9b^S\xfa\xe2\x1b\xa1-{\x06D\xcee\\\xd0\xc57F\xb5\xadG\x9fze\x8c\xcek\x83K\xb0snkb0\x8e\x87#\xa2)XE\xc9\x9bA\xfd\xc2\xf9\x0b\x17\xaf\xf0u\xe9\xc2\xc5\xcb\xbef-[\xf5\xbap\xee\xfc\x15\xbd.\xf2Z\x1a2\x7f\x8d7\xc2\xd50\xae\xe1ty\x83\x1f(.\xb5W\x9b\xd4w\x9d\xf4\x8e\xc6,e ~\x8e\x88\xfaGa\xba_}\xcd\xb1h\xeb,\x86\x19\xb5d\x17\x98R\xcafRU\xafto\x83xy3I\t\xda\xb9\xf5\xf3\x9d-\x11b\x86\xea\x89\xcdO%(jX\xcf\xa9Y\x03\xba\nA\x9c\x06\x88|\xdb\xeb\xf4\xaa\x12X2\x08\xbd\xa9\xd1W\x18\xbb5\xe5H\xa3\x0b\xc1\xcc/\x8a\x9b\';\t\x99\xe3&gt;+V9\x8e\xbc\xd3z:\xcb\xe9\x886]J\x9c\r@\xaf\xb4\x92\xfb!\xb6\x1azS\xa3\x1a@\xd1\xb4\x1b\x1b\x8a(\\\xcf\xa4\x04zL\xadz\xc1-\tq\x05g\xdf\xe0\xda\xdd\xec\xdd#\x9e\xb5\xccR\xf9;\x97\x11\x1d\x06N!\xf6\xfd\xd4\xeb\x03m\xa0\'o,ES\xb0K\xb1\xf7\x8d\xb8\xaf\xdbv\x83R=\xa1{\x17\x1a!)-v\xad\x87\xce\x80b\x0bh\x18\xc9\x04Jl5^Y\x9aUg1\xe8\x01\xd3Z\x92Q.\xf75"\x81\xfe\xa45\xa6T/\xec\x8c\x95\xd5\xda\xabN\x9a\x8b\xbf\x1e\xbdim3U16\x10\xd2:0\x0bI\xd2\xd6?\xcd\xdc\x00\x9du`\xef[kT\x04bN\x96\xc0\xea\xc6\'\x9e\xb4\x82\xe2B\x18lW\xc9\xea(\x1cM%\xe2\xc8\'P".W?;\xeeJHY\xc2m\x88\x06?\x8c\xdd\xbe\xe2,\xd4\x01\xbd}C\x94/ \x9db\xc9\xa7\xc7\x0b\xe7\xf9Z\xf9\x98\x17\x01\xe9y\x1e\x1d\xfb\xf3\xa4\xc7sg\xcf\xf3b^\xf3/\xfdD7\rC\xdd"\xc6\xd0\r\x19\xd6+\'\x17\xc4\x00\xd4+\xa3\xb0aI\x14\xb9D~G\xb31\xdfi*\x18T8\xc6,\xb3\x14\xda\xb8\xf5a \x10\xe0\xf4\xf4\x15{q\x10O\xe8\x83\x1bI\xe9e{\xa0\xa8"\xcd\xb7\xf8aq %\x94\x88\xb5\xcbt\xe5\x9c\r\xb0E\x86\xd41\xcd\x10W\xef\x955\xac\xc2\xc8\'\xecm\'V&gt;8`\x89@\xdd\x99\x9a=#bS\x8e\xb5j\x0b\xf1\xc7\x1f\xf3\x19i\x17\x01\xf4\xc4\x00\x06\xb6\xab\x07\x15\xa8\xa9\x81GF\xf9\xb6\xe9\xf55\xffg\xc4i\x95QX"\xa7P=\xec\'\x90R\xd2&amp;1\xc7\xb0\x011\x1bl\x12{\xb7\x9c\x9c\x0e\xd4\xcb\xde\xcfc\xa3\x13\xd1f\xac9\nm\xf3\x87\xab\xcb\xbdf\xcf\x8d+_\xb3\x96\xadz\xcd\x9e\x15/\xfb\xbav\x0f\x93^\xcc\xe0\xf5\xac\xa8\xeb$\xf5\x8d\xa7\x08\x89\x9b\xb5C\x9c\xc9\xa4\xf1G\xe1\x184\xe8\xa9(\x02\xf1\xb0.\xa2\xa7}\xc5\x94\xdf%\xc4\x12\xc7\xaa\x9b\xc2r\xca\xc6\x08\xfaj\xad\xab\xef}lU,\x01q\xef^\xbb\xd0\xb1Qu3q\xc2zN\xd0\xa9\x07Tj\x9a*G\xcd\xc4\xce\xc9\xc0\x80G3\xba1\xd4\x12\x98BR\x87$656X\x8fL\x90\xf4F\'\xf5s\xad^Q\x84\x91\xaf\xa2Vg\xce\rJ\xa0\xc2q\x19\r3RJ\xe0)@\xaf\x8f\x8b\xe3\x11\x03\'E\xec\xad!\xe6\xe7\x11\xbai\x9d\x80Ro\x99:)\xc4)\xe82\xf2\xe9\xad\xa8\x8d%\x80*)\xe8\x94\xf6\'\x93#\x9c\xa8&amp;\x17\x03E@d\xa2U\x03\xaay\x17\x1aK\xed"6M\x171\x1e\x7f`/;\x15\xa5\xcd*\x1eE\xb1\x04#\x9f\xf6 \xc4m\x97\xd3\xa5\x14\xccY\xd4\x98\xa0\xcd-\xbfj\x18\xc7\x065n\xa6\xb2\xe2f``\x82\xecge\xec\xf0\x1a\x13\x00\x1e\xf6P\xb7!\x96\x10S\r\xa9j0\xe8\xc3\x16P\x0f(\xac\x0e\xc4\x19\xb2l\x93\x8c\x9d\xd1\x96/8\x01Fy\x9d\x998\r,\xd9\x9b\xd4 %\xcfW\x914\x7f\x12\xae!6 \xce\x1b\x15\x0f\n\x01\xa0C\xce4: R2\xd6\x96@\xa71\xb4+U&gt;&amp;0\n\xd7\x92\xb1RY\xcbm\x001:A\xfd\x94A\xfc\x96\xa0\xb5\xf5\x94\xa3%iu\xff4\xb2\xff!\xa4\xaf\x16w\x85\xd9\xbe|\xb6l\xff\xe8\xbd/T\x19\x83\xb6\x1aOa\x93\x8c\x9e+d\x9c@a\x14&amp;P\xea\xf9\xa2,\xaf5j\xabpo0\xf2i\x02\xd4\xc6Y\xbc\x92Q^\xdf \x99\xdc\xef\xf9xKDl\x8e\x9e\x12\xfb\x13\x828\x9f#\xfcV}\xfft\xefB\x8a\xdf\x96\xfe\x16[\xf8X%\xd6\x13\x05z}M_\x06\xdd\xadj\xb0%bUL+}\x85FR\x03 \xce&gt;Mg\xd4\x81\x04\x9a#r\xcc%\x82\xd8\xf2\x93U\x91xe:\xa3zr^\xd0\xed-6\x08\xf1\x98^5}\x919\xa3\xb6\x08z;\xcf\x8e\n{\xa8T\xcfzC\xbe(xF\xedZ,\x9d\x88J\xce\xd7\xb8\x1b\x87\xd3\xd3\xaf"\xc7!\xf2\xecW\x9f\xac6\xf1\x9a=7\xae|\xcdZ\xb6\xea5{V\xbc\xec\xab\xfd&lt;X\x1a2\x7f\xcd\xdf5\x1b\xe1\xf5\xdc\x80~\x81\xd7@\xb1\xcb4CLk0+\x81"\x1f^\x8e\xa4\xdc/\x14\x89!q{\x8b\xf7\x1b*}X#\x06\xa8~H\x1c=C\xaa\x92\x14\x88M\x1dN\x1cC\x14S \xe8\xf3\xd6&amp;\xe81\xee\xc6a\x08\x8a+\x9d30\xfb=\xa9\x07\xaaH\xccu\xf3{\x8fT\x883sc\xfa\n\x0bD\xe7\x98!}\x8f\x8d\xc4\xd19\xa6K\xfa\x985Pj\xcbJ4T\x10G\x7fG[\x8da\x16\'\xad\xf1z\x8ce\n\x11\t\x9c@\x9c\xf7d\xd2TW\xfa\x81\x80[\xc3\x11\xf3\x06\x0f\x93R\xf5\xdc\xe5v;\xcbBB*I\xb5\x81\xed3\xfe\x0e\xd5Z\x9a\xd3\x99\xd8\x1dH\xf5o\x9e~\x16m\x083\xdd\x071g\xd2\x1e\x08\x16\x7f\xbf7@\tz\xac\x06m\x95\xe8v\xa9\xf4\x93X;\x8bY\x95c&amp;\x1b\xd74N\x03Y\xf6\x18\xb3J\xd2\x19TWR\xab\x89\xdd\xedlN[\xb8/\xcd\xb1\xdb\xd7\xb6gL\x89\xa7)\xd2no%\xcd\xa6\x82syx\x9bUV\xf7\xd8.Y9\x9dn\x19\x9e\n\xd5\x99!i\xaaB*\xc6\x18\\\x02zkCC\xb0\xb1\x82\xa8\xdfjN0\x8a\xa9\xf4\x91\xe3\rF\xe0\xdb\x15]O/6fq\x9f\xb1\xb6\xc3\xaas\xec\xfb\x1d\x1b\x10\xe2\x95\xe2\xb5\xc0\xc9\xaeU\xd3(5\x06\xe3\xbe\xa3\x05,\x05R\xcfZ]\x03\x1fq\x9e\'\xdb\x9f@6\x99Ok{\x98\xf4\xd5\xff\xd0\x12[\x7f\x98l\xa5\xb5\xef\x01\xda\xb9\xce\xf9to9\xee\x7f\x93\x8c\x9e+\xc1\xfd\xbby\x8e\x06\x8c"@\xef\x96\xf1-l\x1c\x8f\x86\x9art\x0f\x8a\xd07\xb5p\xcbLm\x9c\xa5*\x90\x00j\\\xe9\x83\xd7P\xd4LZo.\xa8\xc4\xb6\x19\xda\xd0\xa9\x0b\x86Z\xd6\x1d\xf9\xb4\x9cJ\xaf\xcc7#\x8a\x1b\xe0VeH]\xcc\xb5\x82\xe59\x96\\\x02\x14G2Q\xcf=\x8a"8A\x85\xd8\x14\x08\xac\xba\x01b\xc5\xba\x1f\x02\xe8cV\x9f`V!\x8eG\xc5!\x8a\xc6!\xe2g\xc4iW\xcd\x98\xb2\xc4(/2j_(\xea\xadL\\o71\xcc\xee\x11\x81\x06P\xd4\x90\x80\xfe\xf9\xc3\xd5\xe5^\xb3\xe7\xc6\x95\xafY\xcbV\xbdf\xcf\x8a\x97}\xf5\x1f\t\xf3!\xf3W\xbb\xb4\x9b\xc2\x8by\xa5\xd8\xc8\xa5\xe6\xd8\x7f\xcb\x1dO8*\xedN\xf4 6S\x8f\x98\xeb\xbfV\x90*\x8a\xa3f\xbb"\x9d\x81X\xbb\xc0F\xb0\x9a\x9d\x00\x81\x0b\xd54\xbd*\xe0\x10\x8e\xc4\x1aTz\xd3\x1a\xdd;\x18RA\xbd\xaf6P\x81\xe1\x98\x18j\x01\x11\xbf\xdfW\xf18A\x9d\x80\xfd|\xf2\xc9\'\x1c\xe3\xb41f\x02\xb6\r*\xbd\xd2\x14\xab*\x1c\x97{\r\xec\x85\x9a\x12\xc4\x10f\niUl\x04bK\x10\x9d\xfd\x83q\xb7\xaf\xc6\x16\x99\xc5Ik\x0c5M\xec*\xd1]7T\x91\xc0.S\xa8\xd5\xa0\x88\x8dk\xe8eD\xf4\x8c,\x19h\xb0\xaaN,6\xa2x)T,U0\xd0+}\xc0\xc2Seh\x7f2\xc9\xff\xe3\x98\xfb\xda\xe7\x0fh\x9b)\x8e\xd6\x9f\xc7\x9b&gt;\x7f\xed-\xb8\x1eq\x82c3d\xb9Q\x11\x96\x9f\x8b\x84\t\xcb\xa0\xdbU\r\x11\xa1uv\xaa\xaeRc\xab\x12\x11\xe2\xd1\x90+\x00\x04\xf9\xf3\xb1\xee\x1a6 0\xe6\x18\xbd\xc6@\xcc\xd1{\xc1\x10\xe8\xf2\xb8\xce\x82\xd9\xabG\xe0Zz\x08f\x0f\x935\x05&lt;\xf5\x9a+B\xef\x1e\xdb\x0b\x11u\xc6\x10\xbd\x82\x92-\x99\xc6S\x17\x92\x0c\xb4\x05\xf4\x07=3\xfa\xa9\xafx\xc8Wq\x88iP\'\xa01f@\xe7\n\xa7\x85\xa3X\xadc\xc3L1\xd5I\x9aSP\x17\x95-$c\xebr\xc4\xa2B\xd0&gt;\xd0\xd3\xf7u%\x06KI5{y\tH\xf5\xb4\xca\x05~N\\\x98\xde\x92\x1f\xf3\x0ci\xcc\x0f\x11RJm\xfd\xf209\xdb\x86\xf1\xd6\xe2\xb9l\xcc\xb0^!\xd9\xbc8\x07Q\x9d\xd3\xc9\x19)f-S\xaa~\xab\x12k\xab\x06u\xdf0\x04~\x05SB\xe1h\x8a^\xfdN\xe0(5\x0e\x883]\x05\x1c\x929.\x04\xe8*`*:\xb1\x81izu\x1aS\xe5hKU\x88\xab\x121\x90\xca\xc8;C\x9a\xc4:\xb6*\xa2\x02I\xed\x15Ka\xa8\xeb0L\x1d\xd2\xec\xb6\x17\x1b\x9e\x02\x8akA\xaa\x8a\xb9&gt;\xa6\x1cS\xf2\x98*z\xe6;\xd68~[\xc2\xb2\x82s\xb9\xe5J\xe9\x93\xae\x92\xe5\t*\x15D\xb6WO\x10\x91\x8b`\xf5\x8bN\xbd\xf2\x9e\xa9JXV\x02\r\xfd\xa1k\xf1\xf9j\xc3\xd7\xec\xb9q\xe5k\xd6\xb2U\xaf\xfa\xa0\xb8\xf1k\xd6\xb8\xd1k|\\.\x83\x97\xf7\xb3\xc0\x90|\x97\xb6+\xdf1p\tbn\x93\xa9:\xe6\xe5\x87I\xd0C\x95#q\xd2(\xb1\x19\x1b\x00U\xd1\x8cB\xd5\xc9\x1ajZcZT\xc0\tI\xad\xba\xb4z\xd0\xb0\xe5\x8c\xe9\xfd\x9d\x9fOttc\xb7\xa4\x07j\tl\xa9\x1e\xd2x\x92\x1a\xd7\xd4\xe0\xeaXyq\x08\xdc\x86\xd5:\x1fe%\xa3\xbcDJ\xda\xa0\xa65\x86\x9a\x1a\x0b\x1b\xf0|\xabN\xcc\x0eg\x9b\x8c\xc1\x94*\xefU\x8e*\xb6pt\xa0\xa4\xb1\x82b\x95\xc0\tiq\x94A\x9dF*\xa6\x1c)i@\xac\x8ab\xf8;\x7f\x06\x80\x0f\'#\xe9\xef!\x8e\xb4AU\xe2\xe9\xbf\x826\x88\xf1X]\x06\x1d\x9c\x035\x06\xab\xcbN\xe3\x19\xda\x84Tg%\xe7\xafA\x88\xdd\xa4\xe2\xcc\xa6\xe81$\xd5f \xc4\xa9\x12x\x05L!\x0b\t\x8a-\x95Q+C\x8cgN\xf5\x90\x85\xdaM\xeewT\xa5o\xaa\xdd\xa0&lt;=j6\xb5\xda\xc6M\xa7\xa0!)\xcc\x14\x02c\x03\xd1\x90\xa5\xe3o\xb5\r\xe9#\x07\xcbiE\x85\xc9A}$\x8b)A\x1db,Q\xd8j\xd2\x80\xc8\x9b\xde\x921\x01\x03\xb9b\x1c\x89S\xed\xeb\x8c\x85P\x808"h\xfb\xdc`E\x8e\xee\xc4\xb4\xc6V\xdb\x07z:\xa3\xec\xd3\xae\x94P,\xa9\x83Jig&amp;\xf2\xa5\x0b\xe7\xdb\xbf\xec\xea\x7f6y\xfe\xdcE\xde}X&gt;\xbe\xf4)\xcf\x93,\xde:\xda\x1fN\xae]\x84\xcc\xa1Yeka\xfez\x0c\xc7\x16\xe1@\xce\xdc\x13\xe1\xd8/K\x83X\x11f\x86\xc4\x06\xd1-e\xa6\xdf\xbf\xc4\xb9\xe6(1\xb4\xe6\xde\xde\xcej:\xaf\xc4\xcbU\x15i\xd6\tR\xd7\x1dyWF4U5\x18#\xb2\x9flI\xc5U\xc0\x98\xaa1-Q"\n\xb1\x8c|\xc9\xe6\x8a3\x1d\x85\x15\xa3\x8bf\xf5\n\xba\x0c_Y+\x8c\xc2D\x16\x82\xe1\x98&lt;\x96H\r4X"pES!\xf5G\xb2\xa9\xdb3\xd6\xdf\xae\xddt\xf5\xea\xa8\xd0&amp;vt\x12h\x88"\xdd2H\xe3L\xdf\x18\xbb6I\xf6`*\x99C5\x17\'z@\xf1\xeaA\xe6|qq\xff^\xea\x9c2(z)L\x89cH\x90\x8b\x00W\xf6\xdc\xd5_\xb3\xe7\xc6\x95\xafY\xcbV\xbd\xea\xe3\xe2\x06\xaf\xf6\x9fJ\xb6\xf3\xda\xdc\xa9-\xbc\xa9W\xc3\x95\x0c^\xb70\xd4\xc5\x8f\x86\x8c\xc2Tj\xbf\xd8N\xbf\xefV\xac\x02\xd3\xb8/Q\x0c\xd2\xe2Z\xc4}\xd9\x06i\xa5\xf5LC\xd6{\x9f[]Y\x12\xf4e\xd0\x99l\xd58\xa9\xca\xf2&amp;%\x1e\xc9\xd2\x01C\x18Rg\xd9\t\xb1Q"`Qb~/2\xb5\xc4\x91u\xf5\x80\x01\x8a;T\xc1\xd3\x8bk\xdf\xea\xa6\xa2\x01\x08\x8c\r,m\x8c\x8d3\xd4]h\x86]\x94D\xb1\xc638\x0bOD\x96\xd3\x11-\xc63\xd6+1\x9f\xcd\xe4\nD\x01\xe2\xfa\xa0\x08\xd5@\x0b\x01\xd5\xe5\x87\xc9\x18ZO\xb9\x98\x04\x1a\x1c\x82!CP0\xd8\x92v\xab\x9a\r\x84X\x9b\xa2i\xf5\xcf\x18\x0f\x93\x94\r\xc07\x90\n\xc7\xf4\x1bP\x15\xab\xbd\xa3\x05\x89+\xb1\xd1+\xda\xaa\x02\xe9\x9d9k\xaa\xa1.=\n\xc5\xd9\xcfz\xed\x84\xc1\x16\xfd\x15&lt;m\xdc4\xc7\x98\x00P\x88kW/\x8e\x9f\x1f1@\xadB\xd2\xbe\xc7\x85?I\xeb\x95A\x0c\xea\xa6\x1c\xdb\xda\xe5\x8f\x89f\xa5\x99\xcd*\x10\xa4\xaa\xc1\x00(\xcd.H\r*\x8a\xd5\xac.\xa4.\xa4\xc1%Tf \x8a)\xbd\xb68GL\xab\x19\xf4K\x14\xcd*\xbdum\'\x968\x92z\xa6*\x8a\xa4U\x01E\x95\xc4~\x00\x08\xdaz\x1dt\x0c\x11\xdb\x942\x878"\xa0\xc3H\n\xea[\x8e\x93\xdd\t\x18\xab\xf7\xbd\x8f\xcb"m\x1f\x93\xdf\xd3\x84\x99\xdf\xea2\xdd\xc3\x11\xff\xa5\x8b\x17\xda\x93\xa4\x0f\x93\xf9W^\xfb\xbf\x01\xcbO\x0e\xffM\xd7\xe6\xb7\xd1\xc9\xae\xfb\x85\xc0m/c5WLr=\xc3\x06\x86~\xbd[\xd5\xd8@Lg\xfe\xd6?\x81.#\xef\x98\xc6LJ\xd0\x17Y\xdbC/\x0e\x96\x15\x89n\xaf\xa90\xd37\x86\xc3\xa1*\xd5\x93\x14\xaab\x97\xa2Jb!\x9dy "D\'\xa8:\xa8\xcc\x88\xb3v\x89\x8a\xf4\x93\x18\x9bT\xd9\x80\xb4st\xdd\xaaC\xddO\xae\x7f\x0c)\xa9\xd4jk\xebW&gt;?\xe6\x97\xb1\xaaA\x10\xe9M\xd0]\x97\x01\xdb\x95Rw(I\xad\xce\x0c\xc4\x1b0L[\x81\x17\xa12\n[\x8a\xdbv\xbe\xfbw!uQ\xe4:\xf0^2\xad\x97\x85\xa3i\xaa\xed\xc8\xcc\xd9\xc3\xd5\xe5^\xb3\xe7\xc6\x95\xafY\xcbV\xbdf\x0f\x8d\xeb\xbdf]\x97y\xad\xb8\x81+\xe0r\x05\xae[\x18RgX\x0b\x88z\xea\xe7\x05LmI\\\xa75\xd3$\x12\xe8\xe1h\x10\xa7\x1e\x03cJ\xb9\xe3\x95T\xfb7\xcd\xc2\xf7!\x10\xd7\x14T\x80\xb8\x0e\xef\xc5\xb5u\xc1*\x1b#\x8e\xdf}\xf6\xfa\x18\xd5\xdfz\x03\x15\xab3,\r\xdf*\'"\xfb\'pE\xd2\x1a\xbb4A~\xe9\xb2=\x06R\xf7\x96\x12\xa2xeP\xdc\xb9\x06b\xcd\x188\xa2\xa7$U!\xb0\xd7\xc08\x1e\x88G\xa2\x04D\xb77\xf2Ez\xd3\xa6p\xc8JV\x96"\x8e\x95&amp;\xdc\xdelK3[\xef\x1b\x0c\xa9C\xef\x8c\xaa\x13\xa4%\x8a\x01XU\xe1\xa6\xd4\x8bo\xd7\x0c\x9d\xf1\x18\x03\xf1pt\xc6\xdf\xe6\x1a\x93\xb7\\\xab%\x03\x8ez\x14\xb3\x03\x8eyn!\xb5\xbd9\xba\xc7\xa7\x8e\xf4\x82:\x10\xd4\x99\x8a\xd0:\x17\xc1\x06\x94\xea3\x8c"\x10\xa3\x03\x81\xd3\x14\xa5\x8f\\[+\x8a\xa8CM\xf5\xb8\x96b\xd2j\xd8|*\x8a\xa1o\xb9\xed9%\x82\xb4wy\x8d\xe8\xb3mT\xac\nql\xf5\x82\x10\x84\x9a\xa6\xaay\x06%\xa7Y%v\x89\xde\xb4b\xb7\xc1v \xce~\x92J\xf3MX\x02\xf5\x98\x13\xa7\x85\x9d\xcc6C\xac"\xb1\xf1A\x8d\xdezz\xec\xc0\xe8\x82h\xd7\xc8\'CD\x8e\tf\xce\xcf\x01\x97\xebg\xb0\xf05\xe1f\x02i\x9cx8\xfd|U\xb5)\x1d=`\xaa\x8d\xa3\xa5\xf3M&amp;\x1e\x7f\xe3N{\x9d\x9b\x82\xfe/\xbb\xe6\xa9\x92W\xeb\x9f\xd6\x02\x82:\xf9o\x04v\xb5\x1e\xd5`\xe0Y\x18\xf7\xe2\x02\xcdW\x88\xc8\xd1\xb3\xceuH \xa6@\xdc\x9b\x1a^+ V\'\xae7q%\x962s\xa6d\xce\xccF`I\x92\xeaL\x9aw\x11)]Uime\x87\xc4\xb6TE\x88e\xe4\x9d!-\x8a+\xe9{\x19\x0ci\x1d2\xcd\xc9@l\x97[\x92v\x02\xd3\x0ek*\xfd+\xb3\xfd\xf3;\x1bQ8\x06=\x04TsAP\xfaE]\xbb\x9b\xdaB\xc4\x1a`\xaeX\xaa\xa8;YTR\xaa\xb6\xf5\xd0s\x15\x8c\xfe\x89\xa1vH\xb3\x19\x19\x85\x8e\x8a\x1b\x86Z\xb5t\xa5\x8cA\xeb0L[\x8a\xbbe8\xdf\x84\xa6\xea`\x89\xc0\xd5\x89s[\xc1\x18\x1d\x03\xb1\xef\x8d\xde\xd7\x87P\x9a=\\]\xee5{n\\\xf9\x9a\xb5l\xd5k\xf6\xd08{M\x7f\x1ay\x85gt\x99\x9b9\xf0\x8am\x06\xfd\xf5\x87\x1a\xc7\xa4\xc60\x8b\xb5U\x0f\xb1\xf7\x8b\xe0\x93O&gt;\xf1\x8f}\xd4\xf5\x10\x18\xd3\x1bj\tRU\x07S\x19R\xf1\xd8E\xcc\xd2\xbeOT\xbak5\x1a\x80\xd89\xc4u\x9f\x8a\xe0L0\xb5ZQ\x87\xe1+o\xe3\x18\xd4\x93\x82\x97\x854\xfe\xfa&amp;O\xcc~(\x19\xd4\xbdi\x80\xde:7\x18\xa44#b\x02\xfd}@CQ\xf0\xb8\n\xf1(\x97m\xac\xd4a\xe4\xeb0L\x93\xad\xc6P\xd3\x1ao\x06\xfd\x90t\xe5\x0e\tr\xaf5H?\xa15\xea\x89\xa7\x9a4\xf4\xfb0n\x16G&lt;*\xf1[\n\xdez\x02\x9dzTl\x9c\xf9\x17\xfe6Wb\xef=A%\x9dz\xa2\x00~@a\x16\xc7Y\xbbU\x14\x1a1\xd8^\xbb\xfa\xc8\xb1n\xa5\x8d\x9e\xa8-\xa6\x15\xc4\xd3\x1d\x02\x95\xde\xd40\x15\x17B\xf4W\x07\xd0\x13\xfa\xf8\xc6\xc8\xcb\x8a\xc6\xb4\xd4\xd4\xd8\xe1\xd1M\xa5*\xf1\x831\x18W\x91\xc0Fc\xf7\xac\x92!@\xaab \xe8u\x87\x01[\x9c\xc6@\xac3\xa9\x98\xca\x90&amp;P\xb2\x99\xf4\xf6\xcaB\xd72\x98\x83\xfe\x91L\xf7\x0b\xd4k,5%\xa6%\xb1$eo\x89\xab\x9e\xb7%\xe0\xc9\x9bp\x86\xed\xdalD\xd1\x19%\x90z\xa9G^\xae\x8c(n9Nf-\xce\xc2\xf3\xaa\xcb\x11\xf4\xed\xaf\xed_\x1bd{\xdd\xd8hm\x1db\xaa~k\x10\xfb\xb9\xa0\x15\x8d\xff\xcf)\xf2\xaa\x7f\r\x8f\n\xc1%\xffWC\xf8\x85\xa1\xc3*\x0ea\x9ac\xff\x1ba\x0f\x9b\xa4\xfak&lt;;\x05E\x19R\xa7_\xab\x857U\rf\xfa\xb2\x8dv\x17\xa2\x04\x04\xdeA\r1\xaf$\x06&amp;\xd8\x92!Q\xf4\x00qR\xe3\x19\xe8\xf4Z\xed\x9b\x1a\xe7\xa5\xa8\x02\xc4\x80\x87\xf9\xa46\x02q\xdbw\xa7\x8d+\xa7\xa6\x01\x141,\xeb\x96\xa2g\xdd\x99\x0eI+\x8a\x99,\xa6\x92X=(\xf2\x9e\xf7mocE\x03\x98\xba1\x156\xe3&amp;\x05\x85\x81\xda\xa0\x8a\x1c\x87\xdai\xcd\x9d\xe5\xd4.u\xe3\xa0\x08#_\x87a\xba\x12FggH]L\xc0i\xfa\xd1\xf6|\xa3\x1b\x1b\xe8\xa9\x17\xe4*\xa0}3\x0c\xf7\x96\xe2I1\xdc\xb30E7\xe6\xee\x10S\x8asF\x9c\xbc\x918\xba\xc9\xa6\x13\xcf\x1e\xae.\xf7\x9a=7\xae|\xcdZ\xb6\xea5{z\x9c\xbd8\xbd\x99\x7fS\xaf\xcd\xddU/ \xc7\xcd`\x0b\x10{\xf1sk8\xe6\xdf\x06\x04\x02@\xe7\x0e\xe27\x06uD\xee\x17\xfa\xa7\x9f~J\x97-\xd2\xc77\x88m\x01KPK\xed\xa3[&gt;\xbc\x95\xde\xb4\x06\x8a\x8d\xc4\xb6\x98j\x86\x95i\x18jg\x96\xf6\xf1\r\xc7\xca\xa8\x15F\xa1\xb3\xd2\x99\x94\xf9\x04\xcb\x9bD\xf1[\x0e\x85\x0b\xa8\x02\x04zZ\x7f\'JZ\x88C\x9b\xb8\xe4\x0fVa\xe4\x8b\x8c\xdaRu\x0c\xea\xa8\xac\xb4\x05\xab\xc0\x89\x18\x8c\xc2D\x15k\x0c5]\x8e7\x83\xfeeFy\x91Q\x9b\xa8\xe7\x08\xc4\\\xe4(\xfa\xbbe\xee\xc9\x8d\xc0\xa3R\x1b\x97\xe9\x8b\x8f\xd5\xb1\xe9\xac\xa2qh\x0f\x93\xe2h\xa8\xa9=*R\rl\xce\xfd1\x08\x1bq~*\xa7\xb1MY\xdc1\xa9\x8d\xd1\xb5\xd9\x0e\x96f\xf4\x8e\xd1\xa2BP\x1b\xad\x9a\x02%\x97\xd3\x06+\x9d+\xd3\xea\xb7\x04\xc4BlU\xd1\x00R\n\xf5\xd4,5\xdfD\xd2:$\xd8\x9e\t2\x9bPa\x88\xe0\xd1F\xcc\xe9\x10D\x99\xc50K\x81t\xb6mE\x83J_m\xc5y\x05\r0\xf2E\xa7\x0b\x01ql\x88\xd2-\x8d\xa41\x18\x83\xa5\xa0N\x90\xfdCt\x8e.\'\xadarR\xcd\xdb \xd5\xd6\xdc\xe9\xc65\'\x8aG\xf5\xcf\x93\xbe\x9d\xb6\xae\x1f\xdd(\xec\xad\xa6\xcd\xda1\xee\'4\xceWfil\x1c=\xb5\x8b\xfd\xdfee\xf0\xd93\x9c,\x0e&gt;\xdd|\xe1~\x8c\xe8\x1fW\x8e\xb4&lt;LB_\xa71\xf2\xcf\x91\xb1\xf0g`\x0cZd\x83R\xd0\x03#\xef\xcc\xae|M+\xcd\xdau\x7f\x9e\x11\x8f\xeb\xdf\x89a\x030;&lt;-\xa4\x0cYV\xb4\xcdf\x92\x86!\x15\x10\x1dB\x9c\xb11\xa3\x80\x1e\x8eT\xfd\x87z\x8a@\xd0\xa6\x14zGc\xe4\xeb`;\x8c\xfcr\x8c\xa1\x9b\x83}\x86!M"\x01\x8b\xe6|\xdd\x80z_\xa7m,wjF\x9b2\x9d\xf8\x90:\xf6*\x1aw\xe3\xc0\x92\x10\x8bz\xa0\xe4\x156\xde\x00\xfdW\xcah\x9eX)\xb2\x01\xf7\x00\xcb\xd5\xca\xc6\xd5\rp\x89\xcd0\x1a\xb6\x94~\xd2\xe3Wd\x8e\xa6\xe8\xc6\xdc\x11b\x7f{V7\x10\xe2\xb6\xad\xee\xe4\xdd\xc21\xe9\xfc\xc9j\x13\xaf\xd9s\xe3\xca\xd7\xace\xab^\xb3\xa7\xc7\xbc8\x93\x99\xf3\n^\x9b\xbb\xb3^RH&lt;\xd3\xbd\xceBl\x8a!\x811p\x9b\xbcS`\xcc\xed\xe3\xbeh\xd3\xa3?\xba\x7f2I@\xa9\xb5M\x03a\x96\x02\xa9C\x96\xd1\x1c\x86\xba\x8eN0\x1bH\xccn9\x9a\xc6\x00\xadm}\xf4/3\xca\x13C]b\x94\'\xb2\xa2U\xae\x12\xa8+V\x03G\xe9\xde\x86~\x02\xc4\xd8fi\xe2j\x8e.\xde;\x94\x88\xc6\x1b\xa0\x8d9\x99)\xea@\x8c\x0e#/3G\xbe\xc4\xc6\xd5e\xbc\x833\x1c"CZ\xfftF\xb93\xa4\x89(+\xab\xe0\xd9%\x00m\\\x90&lt;\xda\xa8\x10\xf4k?~fUb\x10\xc5\n\x86\x95\xa79\xfe5W\xf0\xa7\xa6\xee1\xa6\x0c"\xd6\xa3\xcd\xaa~\xa6p$\xf6\x97\t\x0c\x94z\xd3Z\x97-U\x94*\xf6\xd9\r\xf5\x19\x88\x96\xa4\xc6\x12[\x1e\x0c\xa2@\x9b[\x9e\x15\xb3b5\xc7f\xaa\x01\x08\xf4k\xa8\xe6Y\xfb,\xa0\x8b\xa0\x8d\xe8\x1e\xa9\x06\xe3L\x00\xcd\x04\xae(3\x0f\x81JD\x15\x89\xa7\x1a\xa4\xd7\x07*\xae\xc21\xcb\x11xC\x89\xd3NJ\x90\x81\xc69w\xd3\x19\xd19\xf6\xc1\x03u\x89\x92\x16\xd2\xb6\x95\xe9jG!\xd0\x90\x98\xd5\xadr\x94&gt;c\xe1\xe6"\x12Tt\x8e\xa4\x7f\xae82\x8a\xf7-G\x95\xb4;\x81T\x85X\x11H?\x7f\xfa\xde\x1b\xd9\x12;1e\xdb\xee\\,y\x83\x88Uf\xc4\xe9L\x95^!\xe0K\xbc\xffO\x83\xf4\xffx\xb2=[\xb6\xe7\xc6v\xf4os\xd5\xd0\x9e-\xf9\x85a\xf1\x16pt\xc8\xe7\x86\'\xf2Y\x18\x83\n\xa3\xd0Q\xf1\x04W\x96 UP\'\xd5\x03\xa9\x8e\xbc\xd3\xbd\rbo\x1fql\xdeM\x95\xe5^@IuH\xc5O\xec\xd7=\x81\nP\xd5#\xad\xa1Sm)%h;\x9b\x0cy\xe7\x93Bb\x8eT\xfd\x1c\x11\xa0\xd0\xa2X\x89\xb9\x96\x14\xa5\x96\xaa\x0e\xea\xbd&gt;\x1f\x0b\xeb\xe93\xd8\xbfo\xd1\xf5\xa8s&lt;k[\xaa\xe8\xaf8(\x1e-\x19\xb4\x8d.\x8aI\xa1\x0f\x18\x98rt\xa0ku\xd7\x02}^#\x06\xd3\x95\xd8ru\x8c\x11\xeb\x0f\xb1\xea6d\x14\n\xa3pU0y\x93\x8c\x86-\xc5\xfd3&lt;7\xd741A_|A1@\xf4\x0e\x12\xe7\x9e\x02\x06\x1c\xf3\x87\xab\xcb\xbdf\xcf\x8d+_\xb3\x96\xadz\xcd\x9e!\xf3\xe2\xc4f\xce+xM\xd7-orhi\xfbQ\xf2q\xfb\xff\x9cP3^X\xfbo\xf0\xfbz\xfd&lt;\xfb\x15\xec\x95\x8b\x17\xce\xb7\xff\x82\xffR\xfb\x1f\xadj\xff\xaa\xccY\xc46\'\x03\x8d\xeb\xed\x88\x9e\xfb\xd2\xbd\xcdc\x89#:G\xfd+\xa1\x04&lt;j\x826\'d\x88\x86\xee]\xd8\xccz`\xb0}\xe4\x8b\xcal\x89^o\xb4\xb9\x1dc\xab\x15\xaba\xa8\xab\x18\x8e\x89\xa1Nz\xe6\x1b\x13\xe4\x0b\xb0\xed\xa3\xc3&amp;\xa9zI\xdd0\x81\xa9Ab\x87hH\xea|\x89S\xe27\xc8\xd5\xd8$\xbdua\xbe:X\x82\x9a\x12\xc4F\x9a\xfb8#~X/\x86\rlY\xa52\xca\x8b\x86(\x924\x066)\xd1\xab\xcd\xeb\x99\x92U\xe0\x0e\xfa\xdb 1U\xf4~\x97\x9aY\x83Pj\x9f0&gt;{\xfd\x7fQ\x9c\x0fd\xd3\xc6\xafy\xed\xa5\xc5\x7f+\xad\xeb\x0b\xaf\xf10\xc92\xb3\xd1\xc6Y\x15\xda{j\xd1\xc6` @\xf77\t\xd0\xa3!\xed\x88\xe9"P7\x88\xd8\xa6O\xf33\x99\xb8\x0f\x98\x13\xb3\xd49\xa4l\xc6k\xb7\x0cU\x9d\x04\xa6!k\xc5i\x00\xc4T5\x98\x1a\xb8\nq\xaa+i#V\rYNg% \xaeDl\x13\x17\x87\x18\xc8\xac\x04\xfa\xc1\x14\xdd\xcbe`\x1c=\xa9~S\xdb\t\x8c9w\xfd\xda*\xd1\xa5w4\x88c\xa8\x8c\xf2\xb4\xb4\x90\x8erA\x91\t\xae\x9e83\xfb\x98\x85FR\xa6\xf1v"Xv\x02\xf1lK+W_6\x93\xf6\x9d\xb6\xf7R\xd0\xb6\xe5\xd4-eQwbU\xf2\xa9\xa1\xe4\xc9\xa6\x9av \xee\x9f\xb0FJ\x8a=\x1d\xdf\x1d\xbe\xea\xf7E\xfb\x12i\xffK!\xed_y\xad\xff\xd3 \xb4\xb3\x168\xa7/\xb8\x86\x9e-gL\xff\xcc\xb8\xe7\x8a\xfaH\xa6\xebfl)\xa0\xe4\xac%\xba\x81X\x82\x91/^\x93\x99b\n\xc4Y:Je\x03\x11\x88m\x1f\xf9\xa4TOh\x9dS\x15\xa2\x10\xf8&gt;!\xe6L\xfd\xdc)r$\xee\xb7}\xed\xe3\x93.\x8e*1\xa8\xd7\x12D\x04\xe2\x94\xd4]:%\xd1P\x19\x85^\xaa\x9b\xa9\xd4m\xc4)\xc4.\x91\x14\\Z\x91\xd4\x16\x8em\xa3}c\xfcD\'\xe8\xde\xb5\r\x00"\xc7\x88\x1az\xd3\xdc\xac\xb8\x0c%[X\x85\xa31\\\xb6\xeb\xea\x18\xfd\x1d\xd2\xbe\xc7\x81\x06\xa0\xe4)\xbb%\x94\x99\x01\xfa\x80\xb1\xe7\xaal\x0c\xfe+b\xb4m)\xd9m\xee)\xa9k\xd5st\x03\x04\x88\xad\xad7\xa2\xf0\xa4\xc1\xb1]\x8e\xe9\xaeA\x0b\xeac\xd5\xe6^\xf5\xa1q\xbd\xd7\xace\xab^\xb3gH^\xfd\xbf\x93\x9c\xdb\xae\xec5]\x8d\xbcs\xfa\xf5!\x1b\xffP\x92\xeb\xc7\x85\xf7I\x92\x9fU\xed1\xb1\xffu\xb1T.\\&lt;w\xf6\x1c?\xc2N#_&lt;\x7f\x96\xdfp?\xbe\xc4\xf5!;\xc3oxm{\x9d&gt;p|\x18\xb9\x1d5\x15\xef\x17X\xe5h\xd0\xbb[{M\x97a\x14\x18c\x0b*\xa9\x0eu"U\x03\x18\x85\xc2(,\xee\xc1\x16\xd2\xd9{)\x06\xe3\n\xca2\xa3\xb6\xc8\xa8m\x9a\xd165&amp;\x10\xf7\xa6\x01PV^\xe7\x99\x0e\x96 \xa9\x06bOP\x9cO\x10\xe7z\xf4asOz-9\xad\xd2]\x97\xa7N\xae\xf1&amp;\xa1\xc5sgEn\xae\nGR\xff\t\x85J\x0c\x1c\x89s5 \x06\x02\x0cz\x88\xc5R\xa0T\x87(Bb[H\x81\xb8-0M#\xe8\x0f\x93\xed\x7f\nn\xfc\x03\x9c\x8b\x1f\xb7G\xc7\xf19\xc5\xc6\xe8\xf6\'\n~r9\xd6W{\x98\xac?,\x83\xabR\xe2\xf9\x90_ \x84\xb4m\xa7\\Pb\xc4S\xa7N\xf9\x18)i\xd7\xe0@P\xe4X\x89\'\xbd(\x9e!\xba\xca\x8c\xea\x07\x95\xb6X\xc7\xd2\xd8qyx\x10\x9cR\xd3&gt;f\x9c\x1a"q\x1a\x8d\xa1\xdb\x1b\xcd\xba\xe1\xae&lt;\xd6.S\x82x\xa0\xaf6?\x11\xd3Yo\x02c\xbb0\x90\x12s\xca}R\xc3X\xa7)hv :G\xe8\xf6\xb5\r\xaf\x87\xd5\x98\x13Gw\xc5\x94\x0c\\7i\xa0\xcbFI\x8aSj\x0c\xdd5\xc7.\xa8)\x81\xfe\xc4I\x81\x98\xfd\xac\xacZJ\xeaUE\xe1\xed\x97\x16  \x05\x9c*PE\xe2@\xfa9\xc0B\xee!+\xb2\x93|p\xd4A=\x9b\xb4\xa5\x9a\xfdFC\x01Rt\xea\\\x98\xfe\xac8\xfe\xcb\xc9\xfe\x0f\x8d\xdb?\xac"\xe6\xe87K\xff6\xb9z\\qk\x19\xa37\xcdh\xebx\xee\xc6\x06\xfd\xfa\xad]\xc0`)6\x83Y{@\xe7\xf2\x12\xa0\xd7i\xdd8\xe8\xeb\xb4R%-\x96\xd2U\x95\xba\xa8"tc\x13\xfb\x9b\xb4\xbd\xc3\xdd\x03G\xe2\xf4\xea\xe9\xc3\xd6\x966\xcd\x9b\xa4\xa2\xbe\xfc\x01A\xf1\xcb_Q\'$\x90&gt;\xe3\x8ai\xbb\xec$\xe58&amp;\x16\xac\x02\xdb\x00\x15K\xa1\x96\xac\xaa\xf8\xc5\xe8\xe4j\x80\x9cc\x15\xa5^R\xc0\x90\xde\xb6\xdd\xc5}F\x9c\xe1\xfc\xd6\xdf\r\xa6\x1cg\x81\x06!\xdd\x98\xe1\xdb4\xa3m\x02\xa5_\x95F\xdd\xb9\x9b\x11m9\xb5\x8a\xe6\xab`\x8c\xde\x04\xa3aK\x19\xbb/w\x9cX\xbd\xc6\x1c1(\x12G\xcc\x07\\z\xa5\xc1\xac\xf9\xc3\xd5\xe5^\xb3\xe7\xc6\x95\xafY\xcbV\xbd\xeacd^\xed[~\xc9y\x05\xaf\xe9\xcer\x89\xfc\xbc\xf4\xb8\xff\xb1$?\\\xce\x9e\xe7\x9b\xe3\x0co\xb4\xfe0y\xe6\xdc\xd9\xd3\xe7\xce\xf0C\xa6\xff\xb3J\x9e$O\x9f:}\xf2\xcc\x99S\xe7\xce\x9e9\x7f\x8e\xa7\xc7\xb3\x17/\x9c\xe3\xa9\xf2\xdc\x19\\(\xed\xbf\xbe`\xda\xb8\xd4\x1d\x02\xaf\x7f\xe2\x90\xfb\x08\xc6\xec\x87\x9f}\xa4\xbc\xd5I3Ab\x06\xdb\xed\xd2&amp;\xa3\xdc\xa9\xfe\xf5\x18m\x9d\xaa\x10\xd0\xeep\xff\xc1\x04\xb1+\xea\xd1\xd0\x1a:\xdd;\x18\xd2*\x86cb\xa8\xab\x18\x8e\x0e\xa9+\xba\x81\xba\xa5|-D$\xe5\xfb\x93\x927\xb7\x0fX\x9b@\xac_,\xc9,\x96\x91/\xb1\x99j@au\xa9\x06cE\xab\x15\xab\x15\xbbBUf\x86\xc4\xea\x1b3\xd6[\x87a*l0V?\x86\\^\x94\xfe9kP\xaaz\xcc\xb0^\x89#S\xdb/~\xc8\xd3\x9f\x1c\xf8\xbat\xb1\xfd\xd3\x1f^yt\\~\xb5\xfff\xd2\xa1.\xd0\xdf-\r\xc5\xfc\xa2 \x8a`\xc0\x11\xf0\xf00I5%0\xee\x9bk\xacL\xc5\x94\x96\xba\x84\xb6*Vz\xdfB\xcb2)9M\x7f%U \xf6W\x8a\x9ar$\xd6I\xaaAj\xaf\xa9\nG\x9d\\\xb4z\xddP8\xb6\xce\xe9!\xd0\xb8\x17W\xe0\x846\xa8\x83\x93\x85jl/G/\x94\nG\xe3\x94x\x97\x98\xd2\xa8\x08\x06\x9a\x93\n"\x8cdq!K2\x13\t\x82J\xdb\xd3\xe25O\xdc\xeb\x03\x86\xcc\xe6\xd4}\xae\xc4\x16\x19R\xc7\t\x88N \xf6\xecH\xbd\x11\xf1@\xdd\x9b\xf1lZ5\xd4\xc08fR\x9c\x904\xc1\xe7\x80k\t\xa9;\xc9\xf7\x82\xe2J\xe2\xf7\xc8O\x05PW\xe4\xfc\xb8\x84~\xa1\xf0C\xbe\xbd\xe9\xfaO[D\xe2~u\xdb\xd7M?\xae}9\xe6+\xcc\xb1\x9b\x07\xffV1&amp;~\x062\x87\xe3\xca\x0b+\x94\xbc\\\xe2\xe9\x13D\xd7\x9f\xcb\x92v\x8e\xe2\x1c\xb1\x8b@=\xa9\xd4R\xe83\xc6*2\n\x1d\xd3\xcc!\xad{\xb8,\xb5\x91\xae\x88\x06\x909\x88~\xe8\x08bF\xf13\xa2\'\xa0\x081\xe6`\xa9[\xc6\x8a\xd1/K\x06\xcali\xab\xc1jtS\x89\x9f\xa3K\xd7\xd8@\x92\xb2O!v\xda\xb2\r\x88\xf5\x18\xf0Y\xf3^\x88:\x8c\xbc\xbfa\xfcH\x12D\xd7\xb3I\xc6\xc2\x9b\xc3\x96\xac\x82\xd2.M\'\x06\xab\xd2\xed\x0bh\x0bC\xdd4c\xee\xa6\x19m[\xca\xd8z\xa1^\x01\x83e\x1b\xba\xed\xeb\xc1^\xe7\x0fW\x97{\xcd\x9e\x1bW\xbef-\x7f\xd3\xaf\xe9\xfe\xf2f\x0e\xf9o\x14\xf9\xbd\xf1\xf8\xf1\xe3\'O\x9elW\xb3=L\x9e\xe6\xd5\xfed\xb2\xfd\xd89{\xfa\xf4I\x1e&amp;\xcf\x9e=\xdd\xfe5W_&lt;L^8\xc7S%\x9f\xf3\xf3&lt;\xeb\xf6\xe1\x1c[\xf7R\x0c\xde#\x15\x8e\x06\xa0\x88\x81\xcd\x98r4\x05\x1b+\x18\xf8tW\x1bG\xe2Q\x9e\xb0\n\xc4Yw%\xda\x02J\x1f0\xb6\xc4\x91\x98\tYQe\x99&gt;l]\x86\xa93\xa4\xf5\xd1\xe6\xb6Y\x0e\xc5\x98\xfdp\xb3PL\xdb\x9e\xfa\xae\xd09zYrA8f\xff\xa4\x1a \xa9\x01\x06\x99\x89\xcb\xb1\xa9q\xefXC\x1d\x8c5K\xc4\x8d\xc1\xc3n\xb3\xf9\x95d\xe0,\x86\x9a\xd6\x18j\x9aU\xd4M]\xd1+Y\x15\xbb\xa2\xf41\xf3w\x85\xa26\x87x\x17H\x97\x89\xd38+r\xecc\x16\xf6\xdc\x8f\xfe\xdb\xad,\xb8\xf6\x1f4]j?\xb5&gt;\xe5\xd5\xfe\x01\xd0\xf4_?Y\xaa\xaf\xf1\x17\xf0\xd0\x9d\x05\xdc\x9c\xfb\x13\xab:\x01%\xd5(\x1c\xb1\x81:DY\xa67-\x80?\x8b\x0eii!\x03\xa8\xd5\x18\x08\xf8\x9d\xc6_k\x04\x0fky^\xa4\xd5\\Q\x97!M\xcc\x16\x02u0\xced\x97&amp;\xe0\xd1\x85/G\x9f\xae)!\xe6a\x86\xe3fp\x14\xd0\x08\x04\xf4\xb2\rK\xc6N\xe3\xd8\xae\xe6t\xd78\x12\xe7|I\xd5\xfb\xb0y#qo]\xb8\x17Qb\xe0\x18?\x10\x80;\xe1h\xd5X\x1dt\n\xe2\x88&amp;\\\x02\x88m\xd1\x93\xb1\x99\xd6\xed\x83Z%\x16m3\x10\xd5]"\xa9s\x82\x8a\xefj\x0c^g\xe2\xba7\xd7\xaa\nNE\xd2\xcf\x1fw\x02\xee\xa4nC\xbd~\x84S5\x06bmPK\xea\xa6]f~{\xb5\x87I\xffM\xa4\xe9\xbb\x83c\xfb\xa2\x99t&lt;\xf6\xbanP\xdc$\x9a\xdb\xb2[\x8d\xf37\xcfh\x9b\x1a\x13\'X\x8e\x13$\xaepY`\xf9\xe7\x84qm!\xae7\xc2\xb4\xa2(\xb6\xcc\xe8K\xad\xdd\xfd\x99\xb2^\xd7z\xd8\x02I\xb3\r\xd2\x8cm\x1f\xadU\x1fU\xa8z\x9f\xb16\x04\x14\x9dSK\xd1\xb3\x84\xa2z\x14QTi\x8e\xa9\x94\xa5M!\xd5\xbe\xdfV\x9d\xc5@\x8c\'\xeb\x8a%c\xf4\xdcJQT\xd1\xd6\xe5\x05\xdd 1\x13|J\x14\xf5\x18PR5\xb0J\xa0\xa1\x1b\xc7\xa8\x8di;\xde4\xf8W\x8e\x1d\xe5U\xa7\xd3\xf78~\xbf\x99\xa1\'{\xde$m\xe8\xe6\x18\r[\x8a;\xcf\xedV\xf1\xed\xd1+\r\xc5\x18\xba\xb7\xfd\x02g\x8cXc\x02 \x9f?\\]\xee5{n\\\xf9\x9a\xb5\xfc\r\xbe.\xf5W\x8b\x17\xdf0\xc2{\x1b\xb8J\'N\x9c\xf8\xe8\xf0\xe1cG\x8fr\xd1\xb8\xba\xed\x0f!\xcf\x9f\xbdH\xe7\x05~\xf8\x9e:y\xf28\xbfL]8\x7f\xf6\xe3\xf6\xbfw\xcc\x959\xdf^\x17\xdb\x7f&lt;\xd9\xc6z\x89;\x8c\x02\x172\xe5h\\o\x07t\xe3\x80t\xe6\x1f\xfb+o\xec\xd6S\xd0c\xd72\x9903\x90\x8a)c\x89cs!\xe8\x965OE\xf1s\x80\xb5\xfa\xbdX\xbb2\xee\xaa\xefb\xc4\x18\xbc\xaa\x82\xc2\xb9`F$\xe0\xce\x12\xfb\xdb\x14%\x8e\xe8u\xa0\xb1\x10\x0b\xb1C4\xd48\xb6\xde\xd1\xa0\x1aC&lt;P\x95\x04\x96\x808i\x8d\x97\xb1:\xa3\xea\xd5Vc\xa8\xa9\x01\xc7l8"{\xcb5TT\x17b\xfcQfi\xba\x8c\xfd\x9a"\x8e\xc7j[\xb2\xd3|S\x17\x10c\x03b\x1a\xdd\x86\x1eha\xff\xb7[?\xbe\xf4)G\xee\xe14\xfb\x93\xf6x\xd9\x7f\x1bT\xa1\xca\xe7\x92 \xaf\xb5\xbf\xcd\xb5\x8f\x1a\xcb\xb0\x00\xef\x86|\x99\xce\xf6\xd47\xd0\xf0\x070%w&amp;\xa3\xd6Q\xb1\xb1\xa2\x0e\xf1\x84\xda\xb81\xac^7I\xe0#\x81\xbbr\x0ek\xb17\x8e\xc41\x07R\xa9)A\x1f\xbfv"\xa6\xb5\xca1ib\xe9\x0f\x80\x8d\x91O\xccln\x06\xa2\xf7I-\xa6d\xd5\x00R\xe2\xe8\xea5\xf5\xecH\x8d=\xdf\xbaI\xd1\xcc1\x90B\xcc`;\xa9~K\xe9\x85\xee\x1ack\\\xab\xc6\x15\xe7\x04R!\x9e\xf9\x9d\xe0\xf0\xa4\xc1\xb5\x08,%M\xd0g\xcc\xb71\x16[\xbc&amp;\x04U\xe4"\xd7\t@,#\x9f\x94\x99\xed\xf3\xc1\xa5\xdd0\x10g\x1bC\x9a&gt;\xb9\x04\xf1\xf7\xd6\x16Ws&lt;\x96jU\xb0\xf0\xbd\xc0\x97\x88\x0f\x8d\xfd+\xa3}S\x8c\xb8\xbf4\xb0#\xfa\x96W\x04\xc4+etn\x1dc\xee\x95`\xa3\x97H\x88Q\xea\xa9\x01b\xbe\x0f\x01e\xf9v\xc4V\'\xa0;&lt;\n\xe9Li\xcdSZ\xa9%I&lt;\xab&amp;u\xb8\x8a\x10[\x9a\xa1\x1e\xcfP\xcb6z\xbdQu\xce\x1a"VE\x03\x18\x07E0u\x14\xa88G\xd4a\xe4E\x91\x88\x0e\xach\x18\xc9b\xea\x0eE\xc5\x12)A\xee\x85\xc3c0\xa5\xea\r%FT\xaf-\xc4\xa63\xaaSV:Q2\xbf\xd7\x1b)U\x14/K\xdf\xe3\xa6\x18\r\xd3\x1e\x96O\xd3\x92,\x1b@\x8fh\x83\x91o\xc8\xb0n\x9a\xd1\xb6\xa5x\n\xbe\r8\xbaJ\x7f\x8f\x8c73\xc4&amp;\xf5\x8dalW-\xb5\xffa\x8c\xf2\x88\xb5\x99\xd7\xec\xb9q\xe5k\xd6\xf2\xb7\xf6jO\x92\xd9jyG\xf1\x98\xd1\xee\x1f??&gt;\xbe\xf4\t\x8f\x1c&lt;L\x1e;\xf6\xe1\xfb\xef}t\xf8\x83\xb3\xa7O\x9e?\xd7\xfe(\xf2\xfc\x85s&lt;L\x9e9{\xea\xd8\xb1#\xbc\xce\x9e9\xe5\x03d\xff\x93\xc9\xf6_N^\xbcp\x8e\x1fH\x0c\xe9\x17\xbe\xb1p\xc1;\xea\x82\x9eRR\xe9\xf5\x86]\xe2V!\xa5\x91O\xa0\xa0gB\x15A?\xc7\x10Q\x9d.v\x8b\xa8B@\nz\xaa\xc1^\xd3\xb6X_\xce@H\xb7\x96\xac\xc81{3\x8d\x08m\xed\xb2\xba;\'\xc8\xb6\xa9\x1a\xa3\x9b6_\x011\x0ci\x12\x13l@\xdfE[\xd1\x85\x9c\x8f\xde\xa6L Fw\x1b\xea\xad\x7fq\xd1\x11-:\x9b\xa9\x93\xd2,\x86\x9a\xd6\x18fi\x05\x9d\x8de\xdb\xa6\x90\xaa\x10\xbb\x19i\'&lt;\xa5\xc3\xd1a\x8e_Y\xc4\x188f\x1a)\x9f\xb8*\x128\x01\x88\x81F\xd0\xaf\x88\xab\xffEW&gt;:'... (set the log level to DEBUG or TRACE to see the full content) 
 </msg>
<msg timestamp="20240508 15:58:43.911" level="INFO">POST Response : url=https://petstore.swagger.io/v2/pet/1/uploadImage 
 status=200, reason=OK 
 headers={'Date': 'Wed, 08 May 2024 08:58:42 GMT', 'Content-Type': 'application/json', 'Transfer-Encoding': 'chunked', 'Connection': 'keep-alive', 'Access-Control-Allow-Origin': '*', 'Access-Control-Allow-Methods': 'GET, POST, DELETE, PUT', 'Access-Control-Allow-Headers': 'Content-Type, api_key, Authorization', 'Server': 'Jetty(9.2.9.v20150224)'} 
 body={"code":200,"type":"unknown","message":"additionalMetadata: test200\nFile uploaded to ./pet_image_test.png, 1811451 bytes"} 
 </msg>
<msg timestamp="20240508 15:58:43.911" level="INFO">C:\Users\Guyji\AppData\Local\Programs\Python\Python312\Lib\site-packages\urllib3\connectionpool.py:1099: InsecureRequestWarning: Unverified HTTPS request is being made to host 'petstore.swagger.io'. Adding certificate verification is strongly advised. See: https://urllib3.readthedocs.io/en/latest/advanced-usage.html#tls-warnings
  warnings.warn(</msg>
<msg timestamp="20240508 15:58:43.913" level="INFO">${response} = &lt;Response [200]&gt;</msg>
<status status="PASS" starttime="20240508 15:58:32.906" endtime="20240508 15:58:43.913"/>
</kw>
<kw name="Log To Console" library="BuiltIn">
<arg>${response}</arg>
<doc>Logs the given message to the console.</doc>
<status status="PASS" starttime="20240508 15:58:43.913" endtime="20240508 15:58:43.914"/>
</kw>
<status status="PASS" starttime="20240508 15:58:32.906" endtime="20240508 15:58:43.914"/>
</branch>
<branch type="ELSE IF" condition="'${200/415}' == '415'">
<kw name="POST On Session" library="RequestsLibrary">
<var>${response}</var>
<arg>mysession</arg>
<arg>${URL}</arg>
<arg>headers=${Header}</arg>
<arg>expected_status=Unsupported Media Type</arg>
<doc>Sends a POST request on a previously created HTTP Session.</doc>
<status status="NOT RUN" starttime="20240508 15:58:43.915" endtime="20240508 15:58:43.915"/>
</kw>
<kw name="Log To Console" library="BuiltIn">
<arg>${response}</arg>
<doc>Logs the given message to the console.</doc>
<status status="NOT RUN" starttime="20240508 15:58:43.915" endtime="20240508 15:58:43.915"/>
</kw>
<status status="NOT RUN" starttime="20240508 15:58:43.914" endtime="20240508 15:58:43.915"/>
</branch>
<status status="PASS" starttime="20240508 15:58:32.906" endtime="20240508 15:58:43.915"/>
</if>
<status status="PASS" starttime="20240508 15:58:32.903" endtime="20240508 15:58:43.915"/>
</kw>
<status status="PASS" starttime="20240508 15:58:32.902" endtime="20240508 15:58:43.916"/>
</test>
<test id="s1-t2" name="2. 415" line="8">
<kw name="Post Upload an Image" library="pet">
<arg>2</arg>
<arg>test415</arg>
<arg>415</arg>
<kw name="Set Variable" library="BuiltIn">
<var>${URL}</var>
<arg>${api}${petId}${uploadImage}</arg>
<doc>Returns the given values which can then be assigned to a variables.</doc>
<msg timestamp="20240508 15:58:43.920" level="INFO">${URL} = https://petstore.swagger.io/v2/pet/2/uploadImage</msg>
<status status="PASS" starttime="20240508 15:58:43.920" endtime="20240508 15:58:43.920"/>
</kw>
<kw name="Create Session" library="RequestsLibrary">
<arg>mysession</arg>
<arg>${URL}</arg>
<doc>Create Session: create a HTTP session to a server</doc>
<msg timestamp="20240508 15:58:43.921" level="INFO">Creating Session using : alias=mysession, url=https://petstore.swagger.io/v2/pet/2/uploadImage, headers={},                     cookies={}, auth=None, timeout=None, proxies=None, verify=False,                     debug=0 </msg>
<status status="PASS" starttime="20240508 15:58:43.921" endtime="20240508 15:58:43.921"/>
</kw>
<kw name="Create Dictionary" library="BuiltIn">
<var>${Header}</var>
<arg>accept=application/json</arg>
<doc>Creates and returns a dictionary based on the given ``items``.</doc>
<msg timestamp="20240508 15:58:43.922" level="INFO">${Header} = {'accept': 'application/json'}</msg>
<status status="PASS" starttime="20240508 15:58:43.921" endtime="20240508 15:58:43.922"/>
</kw>
<kw name="Get File For Streaming Upload" library="RequestsLibrary">
<var>${image}</var>
<arg>../testdata/pet_image_test.png</arg>
<doc>Opens and returns a file descriptor of a specified file to be passed as ``data`` parameter
to other requests keywords.</doc>
<msg timestamp="20240508 15:58:43.922" level="INFO">${image} = &lt;_io.BufferedReader name='../testdata/pet_image_test.png'&gt;</msg>
<status status="PASS" starttime="20240508 15:58:43.922" endtime="20240508 15:58:43.922"/>
</kw>
<kw name="Create Dictionary" library="BuiltIn">
<var>${from-data}</var>
<arg>additionalMetadata=${text}</arg>
<arg>file=${image}</arg>
<doc>Creates and returns a dictionary based on the given ``items``.</doc>
<msg timestamp="20240508 15:58:43.923" level="INFO">${from-data} = {'additionalMetadata': 'test415', 'file': &lt;_io.BufferedReader name='../testdata/pet_image_test.png'&gt;}</msg>
<status status="PASS" starttime="20240508 15:58:43.922" endtime="20240508 15:58:43.923"/>
</kw>
<if>
<branch type="IF" condition="'${200/415}' == '200'">
<kw name="POST On Session" library="RequestsLibrary">
<var>${response}</var>
<arg>mysession</arg>
<arg>${URL}</arg>
<arg>headers=${Header}</arg>
<arg>files=${from-data}</arg>
<arg>expected_status=ok</arg>
<doc>Sends a POST request on a previously created HTTP Session.</doc>
<status status="NOT RUN" starttime="20240508 15:58:43.924" endtime="20240508 15:58:43.924"/>
</kw>
<kw name="Log To Console" library="BuiltIn">
<arg>${response}</arg>
<doc>Logs the given message to the console.</doc>
<status status="NOT RUN" starttime="20240508 15:58:43.924" endtime="20240508 15:58:43.924"/>
</kw>
<status status="NOT RUN" starttime="20240508 15:58:43.923" endtime="20240508 15:58:43.924"/>
</branch>
<branch type="ELSE IF" condition="'${200/415}' == '415'">
<kw name="POST On Session" library="RequestsLibrary">
<var>${response}</var>
<arg>mysession</arg>
<arg>${URL}</arg>
<arg>headers=${Header}</arg>
<arg>expected_status=Unsupported Media Type</arg>
<doc>Sends a POST request on a previously created HTTP Session.</doc>
<msg timestamp="20240508 15:58:45.087" level="INFO">POST Request : url=https://petstore.swagger.io/v2/pet/2/uploadImage 
 path_url=/v2/pet/2/uploadImage 
 headers={'User-Agent': 'python-requests/2.31.0', 'Accept-Encoding': 'gzip, deflate', 'accept': 'application/json', 'Connection': 'keep-alive', 'Content-Length': '0'} 
 body=None 
 </msg>
<msg timestamp="20240508 15:58:45.087" level="INFO">POST Response : url=https://petstore.swagger.io/v2/pet/2/uploadImage 
 status=415, reason=Unsupported Media Type 
 headers={'Date': 'Wed, 08 May 2024 08:58:44 GMT', 'Content-Type': 'application/json', 'Transfer-Encoding': 'chunked', 'Connection': 'keep-alive', 'Access-Control-Allow-Origin': '*', 'Access-Control-Allow-Methods': 'GET, POST, DELETE, PUT', 'Access-Control-Allow-Headers': 'Content-Type, api_key, Authorization', 'Server': 'Jetty(9.2.9.v20150224)'} 
 body={"code":415,"type":"unknown","message":"com.sun.jersey.api.MessageException: A message body reader for Java class com.sun.jersey.multipart.FormDataMultiPart, and Java type class com.sun.jersey.multipart.FormDataMultiPart, and MIME media type application/octet-stream was not found.\nThe registered message body readers compatible with the MIME media type are:\n*/* -&gt;\n  com.sun.jersey.core.impl.provider.entity.FormProvider\n  com.sun.jersey.core.impl.provider.entity.StringProvider\n  com.sun.jersey.core.impl.provider.entity.ByteArrayProvider\n  com.sun.jersey.core.impl.provider.entity.FileProvider\n  com.sun.jersey.core.impl.provider.entity.InputStreamProvider\n  com.sun.jersey.core.impl.provider.entity.DataSourceProvider\n  com.sun.jersey.core.impl.provider.entity.XMLJAXBElementProvider$General\n  com.sun.jersey.core.impl.provider.entity.ReaderProvider\n  com.sun.jersey.core.impl.provider.entity.DocumentProvider\n  com.sun.jersey.core.impl.provider.entity.SourceProvider$StreamSourceReader\n  com.sun.jersey.core.impl.provider.entity.SourceProvider$SAXSourceReader\n  com.sun.jersey.core.impl.provider.entity.SourceProvider$DOMSourceReader\n  com.sun.jersey.json.impl.provider.entity.JSONJAXBElementProvider$General\n  com.sun.jersey.json.impl.provider.entity.JSONArrayProvider$General\n  com.sun.jersey.json.impl.provider.entity.JSONObjectProvider$General\n  com.fasterxml.jackson.jaxrs.json.JacksonJsonProvider\n  com.sun.jersey.core.impl.provider.entity.XMLRootElementProvider$General\n  com.sun.jersey.core.impl.provider.entity.XMLListElementProvider$General\n  com.sun.jersey.core.impl.provider.entity.XMLRootObjectProvider$General\n  com.sun.jersey.core.impl.provider.entity.EntityHolderReader\n  com.sun.jersey.json.impl.provider.entity.JSONRootElementProvider$General\n  com.sun.jersey.json.impl.provider.entity.JSONListElementProvider$General\n  com.sun.jersey.json.impl.provider.entity.JacksonProviderProxy\napplication/octet-stream -&gt;\n  com.sun.jersey.core.impl.provider.entity.ByteArrayProvider\n  com.sun.jersey.core.impl.provider.entity.FileProvider\n  com.sun.jersey.core.impl.provider.entity.InputStreamProvider\n  com.sun.jersey.core.impl.provider.entity.DataSourceProvider\n  com.sun.jersey.core.impl.provider.entity.RenderedImageProvider\n"} 
 </msg>
<msg timestamp="20240508 15:58:45.088" level="INFO">C:\Users\Guyji\AppData\Local\Programs\Python\Python312\Lib\site-packages\urllib3\connectionpool.py:1099: InsecureRequestWarning: Unverified HTTPS request is being made to host 'petstore.swagger.io'. Adding certificate verification is strongly advised. See: https://urllib3.readthedocs.io/en/latest/advanced-usage.html#tls-warnings
  warnings.warn(</msg>
<msg timestamp="20240508 15:58:45.091" level="INFO">${response} = &lt;Response [415]&gt;</msg>
<status status="PASS" starttime="20240508 15:58:43.924" endtime="20240508 15:58:45.091"/>
</kw>
<kw name="Log To Console" library="BuiltIn">
<arg>${response}</arg>
<doc>Logs the given message to the console.</doc>
<status status="PASS" starttime="20240508 15:58:45.091" endtime="20240508 15:58:45.094"/>
</kw>
<status status="PASS" starttime="20240508 15:58:43.924" endtime="20240508 15:58:45.094"/>
</branch>
<status status="PASS" starttime="20240508 15:58:43.923" endtime="20240508 15:58:45.094"/>
</if>
<status status="PASS" starttime="20240508 15:58:43.919" endtime="20240508 15:58:45.094"/>
</kw>
<status status="PASS" starttime="20240508 15:58:43.918" endtime="20240508 15:58:45.096"/>
</test>
<test id="s1-t3" name="3. 200" line="10">
<kw name="Post Add a New Pet to The Store" library="pet">
<arg>200</arg>
<kw name="Create Session" library="RequestsLibrary">
<arg>mysession</arg>
<arg>${api}</arg>
<doc>Create Session: create a HTTP session to a server</doc>
<msg timestamp="20240508 15:58:45.102" level="INFO">Creating Session using : alias=mysession, url=https://petstore.swagger.io/v2/pet/, headers={},                     cookies={}, auth=None, timeout=None, proxies=None, verify=False,                     debug=0 </msg>
<status status="PASS" starttime="20240508 15:58:45.101" endtime="20240508 15:58:45.103"/>
</kw>
<if>
<branch type="IF" condition="'${200/405}' == '200'">
<kw name="POST On Session" library="RequestsLibrary">
<var>${response}</var>
<arg>mysession</arg>
<arg>${api}</arg>
<arg>json=${PETID1}</arg>
<arg>expected_status=ok</arg>
<doc>Sends a POST request on a previously created HTTP Session.</doc>
<msg timestamp="20240508 15:58:46.237" level="INFO">POST Request : url=https://petstore.swagger.io/v2/pet/ 
 path_url=/v2/pet/ 
 headers={'User-Agent': 'python-requests/2.31.0', 'Accept-Encoding': 'gzip, deflate', 'Accept': '*/*', 'Connection': 'keep-alive', 'Content-Length': '155', 'Content-Type': 'application/json'} 
 body=b'{"id": 1, "category": {"id": 1, "name": "string"}, "name": "doggie", "photoUrls": ["string"], "tags": [{"id": 1, "name": "string"}], "status": "available"}' 
 </msg>
<msg timestamp="20240508 15:58:46.237" level="INFO">POST Response : url=https://petstore.swagger.io/v2/pet/ 
 status=200, reason=OK 
 headers={'Date': 'Wed, 08 May 2024 08:58:45 GMT', 'Content-Type': 'application/json', 'Transfer-Encoding': 'chunked', 'Connection': 'keep-alive', 'Access-Control-Allow-Origin': '*', 'Access-Control-Allow-Methods': 'GET, POST, DELETE, PUT', 'Access-Control-Allow-Headers': 'Content-Type, api_key, Authorization', 'Server': 'Jetty(9.2.9.v20150224)'} 
 body={"id":1,"category":{"id":1,"name":"string"},"name":"doggie","photoUrls":["string"],"tags":[{"id":1,"name":"string"}],"status":"available"} 
 </msg>
<msg timestamp="20240508 15:58:46.237" level="INFO">C:\Users\Guyji\AppData\Local\Programs\Python\Python312\Lib\site-packages\urllib3\connectionpool.py:1099: InsecureRequestWarning: Unverified HTTPS request is being made to host 'petstore.swagger.io'. Adding certificate verification is strongly advised. See: https://urllib3.readthedocs.io/en/latest/advanced-usage.html#tls-warnings
  warnings.warn(</msg>
<msg timestamp="20240508 15:58:46.239" level="INFO">${response} = &lt;Response [200]&gt;</msg>
<status status="PASS" starttime="20240508 15:58:45.104" endtime="20240508 15:58:46.239"/>
</kw>
<kw name="Log To Console" library="BuiltIn">
<arg>${response}</arg>
<doc>Logs the given message to the console.</doc>
<status status="PASS" starttime="20240508 15:58:46.239" endtime="20240508 15:58:46.241"/>
</kw>
<kw name="Log To Console" library="BuiltIn">
<arg>${response.json()}</arg>
<doc>Logs the given message to the console.</doc>
<status status="PASS" starttime="20240508 15:58:46.241" endtime="20240508 15:58:46.243"/>
</kw>
<status status="PASS" starttime="20240508 15:58:45.103" endtime="20240508 15:58:46.243"/>
</branch>
<branch type="ELSE IF" condition="'${200/405}' == '405'">
<kw name="POST On Session" library="RequestsLibrary">
<var>${response}</var>
<arg>mysession</arg>
<arg>${api}</arg>
<arg>json=${PETID2}</arg>
<arg>expected_status=Method Not Allowed</arg>
<doc>Sends a POST request on a previously created HTTP Session.</doc>
<status status="NOT RUN" starttime="20240508 15:58:46.243" endtime="20240508 15:58:46.243"/>
</kw>
<kw name="Log To Console" library="BuiltIn">
<arg>${response}</arg>
<doc>Logs the given message to the console.</doc>
<status status="NOT RUN" starttime="20240508 15:58:46.244" endtime="20240508 15:58:46.244"/>
</kw>
<kw name="Log To Console" library="BuiltIn">
<arg>${response.json()}</arg>
<doc>Logs the given message to the console.</doc>
<status status="NOT RUN" starttime="20240508 15:58:46.244" endtime="20240508 15:58:46.244"/>
</kw>
<status status="NOT RUN" starttime="20240508 15:58:46.243" endtime="20240508 15:58:46.244"/>
</branch>
<status status="PASS" starttime="20240508 15:58:45.103" endtime="20240508 15:58:46.244"/>
</if>
<status status="PASS" starttime="20240508 15:58:45.101" endtime="20240508 15:58:46.244"/>
</kw>
<status status="PASS" starttime="20240508 15:58:45.099" endtime="20240508 15:58:46.245"/>
</test>
<test id="s1-t4" name="4. Put 200" line="12">
<kw name="Put Update an Existing Pet" library="pet">
<kw name="Create Session" library="RequestsLibrary">
<arg>mysession</arg>
<arg>${api}</arg>
<doc>Create Session: create a HTTP session to a server</doc>
<msg timestamp="20240508 15:58:46.250" level="INFO">Creating Session using : alias=mysession, url=https://petstore.swagger.io/v2/pet/, headers={},                     cookies={}, auth=None, timeout=None, proxies=None, verify=False,                     debug=0 </msg>
<status status="PASS" starttime="20240508 15:58:46.250" endtime="20240508 15:58:46.251"/>
</kw>
<kw name="PUT On Session" library="RequestsLibrary">
<var>${response}</var>
<arg>mysession</arg>
<arg>${api}</arg>
<arg>json=${PETID2}</arg>
<arg>expected_status=ok</arg>
<doc>Sends a PUT request on a previously created HTTP Session.</doc>
<msg timestamp="20240508 15:58:47.371" level="INFO">PUT Request : url=https://petstore.swagger.io/v2/pet/ 
 path_url=/v2/pet/ 
 headers={'User-Agent': 'python-requests/2.31.0', 'Accept-Encoding': 'gzip, deflate', 'Accept': '*/*', 'Connection': 'keep-alive', 'Content-Length': '155', 'Content-Type': 'application/json'} 
 body=b'{"id": 2, "category": {"id": 2, "name": "string"}, "name": "doggie", "photoUrls": ["string"], "tags": [{"id": 2, "name": "string"}], "status": "available"}' 
 </msg>
<msg timestamp="20240508 15:58:47.371" level="INFO">PUT Response : url=https://petstore.swagger.io/v2/pet/ 
 status=200, reason=OK 
 headers={'Date': 'Wed, 08 May 2024 08:58:46 GMT', 'Content-Type': 'application/json', 'Transfer-Encoding': 'chunked', 'Connection': 'keep-alive', 'Access-Control-Allow-Origin': '*', 'Access-Control-Allow-Methods': 'GET, POST, DELETE, PUT', 'Access-Control-Allow-Headers': 'Content-Type, api_key, Authorization', 'Server': 'Jetty(9.2.9.v20150224)'} 
 body={"id":2,"category":{"id":2,"name":"string"},"name":"doggie","photoUrls":["string"],"tags":[{"id":2,"name":"string"}],"status":"available"} 
 </msg>
<msg timestamp="20240508 15:58:47.372" level="INFO">C:\Users\Guyji\AppData\Local\Programs\Python\Python312\Lib\site-packages\urllib3\connectionpool.py:1099: InsecureRequestWarning: Unverified HTTPS request is being made to host 'petstore.swagger.io'. Adding certificate verification is strongly advised. See: https://urllib3.readthedocs.io/en/latest/advanced-usage.html#tls-warnings
  warnings.warn(</msg>
<msg timestamp="20240508 15:58:47.373" level="INFO">${response} = &lt;Response [200]&gt;</msg>
<status status="PASS" starttime="20240508 15:58:46.251" endtime="20240508 15:58:47.373"/>
</kw>
<kw name="Log To Console" library="BuiltIn">
<arg>${response.json()}</arg>
<doc>Logs the given message to the console.</doc>
<status status="PASS" starttime="20240508 15:58:47.373" endtime="20240508 15:58:47.374"/>
</kw>
<status status="PASS" starttime="20240508 15:58:46.249" endtime="20240508 15:58:47.374"/>
</kw>
<status status="PASS" starttime="20240508 15:58:46.248" endtime="20240508 15:58:47.374"/>
</test>
<status status="PASS" starttime="20240508 15:58:32.635" endtime="20240508 15:58:47.376"/>
</suite>
<statistics>
<total>
<stat pass="4" fail="0" skip="0">All Tests</stat>
</total>
<tag>
</tag>
<suite>
<stat pass="4" fail="0" skip="0" id="s1" name="Testcase">Testcase</stat>
</suite>
</statistics>
<errors>
</errors>
</robot>
